<?xml version="1.0" encoding="UTF-8"?>
<!-- Generated by org.testng.reporters.JUnitXMLReporter -->
<testsuite hostname="LTIN203213" ignored="0" name="IdentifyCarWashServices" tests="12" failures="0" timestamp="17 Jul 2023 06:49:11 GMT" time="0.138" errors="0">
  <testcase name="@BeforeSuite selectWebDriver" time="0.0" classname="com.hackathon.tests.OpenJustDialHomePage">
    <failure type="org.openqa.selenium.SessionNotCreatedException" message="Could not start a new session. Response code 500. Message: session not created: This version of ChromeDriver only supports Chrome version 111
Current browser version is 113.0.5672.93 with binary path C:\Program Files\Google\Chrome\Application\chrome.exe 
Host info: host: &amp;apos;LTIN203213&amp;apos;, ip: &amp;apos;192.168.134.62&amp;apos;
Build info: version: &amp;apos;4.9.0&amp;apos;, revision: &amp;apos;d7057100a6&amp;apos;
System info: os.name: &amp;apos;Windows 11&amp;apos;, os.arch: &amp;apos;amd64&amp;apos;, os.version: &amp;apos;10.0&amp;apos;, java.version: &amp;apos;1.8.0_371&amp;apos;
Driver info: org.openqa.selenium.chrome.ChromeDriver
Command: [null, newSession {capabilities=[Capabilities {browserName: chrome, goog:chromeOptions: {args: [--remote-allow-origins=*, --disable-notifications, --disable-geolocation], extensions: []}}]}]">
      <![CDATA[org.openqa.selenium.SessionNotCreatedException: Could not start a new session. Response code 500. Message: session not created: This version of ChromeDriver only supports Chrome version 111
Current browser version is 113.0.5672.93 with binary path C:\Program Files\Google\Chrome\Application\chrome.exe 
Host info: host: 'LTIN203213', ip: '192.168.134.62'
Build info: version: '4.9.0', revision: 'd7057100a6'
System info: os.name: 'Windows 11', os.arch: 'amd64', os.version: '10.0', java.version: '1.8.0_371'
Driver info: org.openqa.selenium.chrome.ChromeDriver
Command: [null, newSession {capabilities=[Capabilities {browserName: chrome, goog:chromeOptions: {args: [--remote-allow-origins=*, --disable-notifications, --disable-geolocation], extensions: []}}]}]
	at org.openqa.selenium.remote.ProtocolHandshake.createSession(ProtocolHandshake.java:136)
	at org.openqa.selenium.remote.ProtocolHandshake.createSession(ProtocolHandshake.java:94)
	at org.openqa.selenium.remote.ProtocolHandshake.createSession(ProtocolHandshake.java:68)
	at org.openqa.selenium.remote.HttpCommandExecutor.execute(HttpCommandExecutor.java:165)
	at org.openqa.selenium.remote.service.DriverCommandExecutor.invokeExecute(DriverCommandExecutor.java:183)
	at org.openqa.selenium.remote.service.DriverCommandExecutor.execute(DriverCommandExecutor.java:158)
	at org.openqa.selenium.remote.RemoteWebDriver.execute(RemoteWebDriver.java:543)
	at org.openqa.selenium.remote.RemoteWebDriver.startSession(RemoteWebDriver.java:229)
	at org.openqa.selenium.remote.RemoteWebDriver.<init>(RemoteWebDriver.java:157)
	at org.openqa.selenium.chromium.ChromiumDriver.<init>(ChromiumDriver.java:101)
	at org.openqa.selenium.chrome.ChromeDriver.<init>(ChromeDriver.java:88)
	at org.openqa.selenium.chrome.ChromeDriver.<init>(ChromeDriver.java:84)
	at org.openqa.selenium.chrome.ChromeDriver.<init>(ChromeDriver.java:73)
	at com.hackathon.driver.DriverSetup.getChromeDriver(DriverSetup.java:35)
	at com.hackathon.tests.OpenJustDialHomePage.selectWebDriver(OpenJustDialHomePage.java:41)
... Removed 19 stack frames]]>
    </failure>
  </testcase> <!-- @BeforeSuite selectWebDriver -->
  <testcase name="@BeforeTest init" time="0.0" classname="com.hackathon.tests.ExploreGymSection">
    <skipped/>
  </testcase> <!-- @BeforeTest init -->
  <testcase name="@BeforeTest init" time="0.0" classname="com.hackathon.tests.FreeListingPageTest">
    <skipped/>
  </testcase> <!-- @BeforeTest init -->
  <testcase name="@BeforeTest init" time="0.0" classname="com.hackathon.tests.IdentifyCarWashServices">
    <skipped/>
  </testcase> <!-- @BeforeTest init -->
  <testcase name="@AfterMethod getResult" time="0.0" classname="com.hackathon.tests.OpenJustDialHomePage">
    <skipped/>
  </testcase> <!-- @AfterMethod getResult -->
  <testcase name="@AfterMethod getResult" time="0.0" classname="com.hackathon.tests.OpenJustDialHomePage">
    <skipped/>
  </testcase> <!-- @AfterMethod getResult -->
  <testcase name="@AfterMethod getResult" time="0.0" classname="com.hackathon.tests.IdentifyCarWashServices">
    <skipped/>
  </testcase> <!-- @AfterMethod getResult -->
  <testcase name="@AfterMethod getResult" time="0.0" classname="com.hackathon.tests.IdentifyCarWashServices">
    <skipped/>
  </testcase> <!-- @AfterMethod getResult -->
  <testcase name="@AfterMethod getResult" time="0.0" classname="com.hackathon.tests.IdentifyCarWashServices">
    <skipped/>
  </testcase> <!-- @AfterMethod getResult -->
  <testcase name="@AfterMethod getResult" time="0.0" classname="com.hackathon.tests.IdentifyCarWashServices">
    <skipped/>
  </testcase> <!-- @AfterMethod getResult -->
  <testcase name="@AfterMethod getResult" time="0.0" classname="com.hackathon.tests.IdentifyCarWashServices">
    <skipped/>
  </testcase> <!-- @AfterMethod getResult -->
  <testcase name="@AfterMethod getResult" time="0.0" classname="com.hackathon.tests.ExploreGymSection">
    <skipped/>
  </testcase> <!-- @AfterMethod getResult -->
  <testcase name="@AfterMethod getResult" time="0.0" classname="com.hackathon.tests.ExploreGymSection">
    <skipped/>
  </testcase> <!-- @AfterMethod getResult -->
  <testcase name="@AfterMethod getResult" time="0.0" classname="com.hackathon.tests.ExploreGymSection">
    <skipped/>
  </testcase> <!-- @AfterMethod getResult -->
  <testcase name="@AfterMethod getResult" time="0.0" classname="com.hackathon.tests.FreeListingPageTest">
    <skipped/>
  </testcase> <!-- @AfterMethod getResult -->
  <testcase name="@AfterMethod getResult" time="0.0" classname="com.hackathon.tests.FreeListingPageTest">
    <skipped/>
  </testcase> <!-- @AfterMethod getResult -->
  <testcase name="OpenJustdialHomePage" time="0.0" classname="com.hackathon.tests.OpenJustDialHomePage">
    <skipped/>
  </testcase> <!-- OpenJustdialHomePage -->
  <testcase name="CloseLoginPopup" time="0.0" classname="com.hackathon.tests.OpenJustDialHomePage">
    <skipped/>
  </testcase> <!-- CloseLoginPopup -->
  <testcase name="SelectLocation" time="0.0" classname="com.hackathon.tests.IdentifyCarWashServices">
    <skipped/>
  </testcase> <!-- SelectLocation -->
  <testcase name="SearchForCarWashServices" time="0.0" classname="com.hackathon.tests.IdentifyCarWashServices">
    <skipped/>
  </testcase> <!-- SearchForCarWashServices -->
  <testcase name="SortSearchResultByRating" time="0.0" classname="com.hackathon.tests.IdentifyCarWashServices">
    <skipped/>
  </testcase> <!-- SortSearchResultByRating -->
  <testcase name="IdentifyTopFiveCarWashingService" time="0.0" classname="com.hackathon.tests.IdentifyCarWashServices">
    <skipped/>
  </testcase> <!-- IdentifyTopFiveCarWashingService -->
  <testcase name="NavigateBackToHomePage" time="0.0" classname="com.hackathon.tests.IdentifyCarWashServices">
    <skipped/>
  </testcase> <!-- NavigateBackToHomePage -->
  <testcase name="OpenGymSection" time="0.0" classname="com.hackathon.tests.ExploreGymSection">
    <skipped/>
  </testcase> <!-- OpenGymSection -->
  <testcase name="ListAndStoreAllSubmenuItems" time="0.0" classname="com.hackathon.tests.ExploreGymSection">
    <skipped/>
  </testcase> <!-- ListAndStoreAllSubmenuItems -->
  <testcase name="NavigateBackToHomePage" time="0.0" classname="com.hackathon.tests.ExploreGymSection">
    <skipped/>
  </testcase> <!-- NavigateBackToHomePage -->
  <testcase name="OpenFreeListingPage" time="0.0" classname="com.hackathon.tests.FreeListingPageTest">
    <skipped/>
  </testcase> <!-- OpenFreeListingPage -->
  <testcase name="SubmitFreeListingWithInvalidMobileNumber" time="0.0" classname="com.hackathon.tests.FreeListingPageTest">
    <skipped/>
  </testcase> <!-- SubmitFreeListingWithInvalidMobileNumber -->
</testsuite> <!-- IdentifyCarWashServices -->
